[2.775s] DEBUG:colcon:Command line arguments: ['/usr/bin/colcon', 'build', '--packages-select', 'lab2']
[2.775s] DEBUG:colcon:Parsed command line arguments: Namespace(log_base=None, log_level=None, verb_name='build', build_base='build', install_base='install', merge_install=False, symlink_install=False, test_result_base=None, continue_on_error=False, executor='parallel', parallel_workers=2, event_handlers=None, ignore_user_meta=False, metas=['./colcon.meta'], base_paths=['.'], packages_ignore=None, packages_ignore_regex=None, paths=None, packages_up_to=None, packages_up_to_regex=None, packages_above=None, packages_above_and_dependencies=None, packages_above_depth=None, packages_select_by_dep=None, packages_skip_by_dep=None, packages_skip_up_to=None, packages_select_build_failed=False, packages_skip_build_finished=False, packages_select_test_failures=False, packages_skip_test_passed=False, packages_select=['lab2'], packages_skip=None, packages_select_regex=None, packages_skip_regex=None, packages_start=None, packages_end=None, allow_overriding=[], cmake_args=None, cmake_target=None, cmake_target_skip_unavailable=False, cmake_clean_cache=False, cmake_clean_first=False, cmake_force_configure=False, ament_cmake_args=None, catkin_cmake_args=None, catkin_skip_building_tests=False, verb_parser=<colcon_defaults.argument_parser.defaults.DefaultArgumentsDecorator object at 0x7fda5e01a680>, verb_extension=<colcon_core.verb.build.BuildVerb object at 0x7fda5e01ae00>, main=<bound method BuildVerb.main of <colcon_core.verb.build.BuildVerb object at 0x7fda5e01ae00>>)
[2.970s] Level 1:colcon.colcon_core.package_discovery:discover_packages(colcon_meta) check parameters
[2.971s] Level 1:colcon.colcon_core.package_discovery:discover_packages(recursive) check parameters
[2.971s] Level 1:colcon.colcon_core.package_discovery:discover_packages(ignore) check parameters
[2.971s] Level 1:colcon.colcon_core.package_discovery:discover_packages(path) check parameters
[2.971s] Level 1:colcon.colcon_core.package_discovery:discover_packages(colcon_meta) discover
[2.971s] Level 1:colcon.colcon_core.package_discovery:discover_packages(recursive) discover
[2.971s] INFO:colcon.colcon_core.package_discovery:Crawling recursively for packages in '/home/oli/anro_ws/src'
[2.971s] Level 1:colcon.colcon_core.package_identification:_identify(.) by extensions ['ignore', 'ignore_ament_install']
[2.972s] Level 1:colcon.colcon_core.package_identification:_identify(.) by extension 'ignore'
[2.972s] Level 1:colcon.colcon_core.package_identification:_identify(.) by extension 'ignore_ament_install'
[2.972s] Level 1:colcon.colcon_core.package_identification:_identify(.) by extensions ['colcon_pkg']
[2.972s] Level 1:colcon.colcon_core.package_identification:_identify(.) by extension 'colcon_pkg'
[2.972s] Level 1:colcon.colcon_core.package_identification:_identify(.) by extensions ['colcon_meta']
[2.972s] Level 1:colcon.colcon_core.package_identification:_identify(.) by extension 'colcon_meta'
[2.972s] Level 1:colcon.colcon_core.package_identification:_identify(.) by extensions ['ros']
[2.972s] Level 1:colcon.colcon_core.package_identification:_identify(.) by extension 'ros'
[3.004s] Level 1:colcon.colcon_core.package_identification:_identify(.) by extensions ['cmake', 'python']
[3.004s] Level 1:colcon.colcon_core.package_identification:_identify(.) by extension 'cmake'
[3.004s] Level 1:colcon.colcon_core.package_identification:_identify(.) by extension 'python'
[3.004s] Level 1:colcon.colcon_core.package_identification:_identify(.) by extensions ['python_setup_py']
[3.004s] Level 1:colcon.colcon_core.package_identification:_identify(.) by extension 'python_setup_py'
[3.004s] Level 1:colcon.colcon_core.package_identification:_identify(build) by extensions ['ignore', 'ignore_ament_install']
[3.004s] Level 1:colcon.colcon_core.package_identification:_identify(build) by extension 'ignore'
[3.005s] Level 1:colcon.colcon_core.package_identification:_identify(build) ignored
[3.005s] Level 1:colcon.colcon_core.package_identification:_identify(install) by extensions ['ignore', 'ignore_ament_install']
[3.005s] Level 1:colcon.colcon_core.package_identification:_identify(install) by extension 'ignore'
[3.005s] Level 1:colcon.colcon_core.package_identification:_identify(install) ignored
[3.005s] Level 1:colcon.colcon_core.package_identification:_identify(lab2) by extensions ['ignore', 'ignore_ament_install']
[3.006s] Level 1:colcon.colcon_core.package_identification:_identify(lab2) by extension 'ignore'
[3.006s] Level 1:colcon.colcon_core.package_identification:_identify(lab2) by extension 'ignore_ament_install'
[3.006s] Level 1:colcon.colcon_core.package_identification:_identify(lab2) by extensions ['colcon_pkg']
[3.006s] Level 1:colcon.colcon_core.package_identification:_identify(lab2) by extension 'colcon_pkg'
[3.006s] Level 1:colcon.colcon_core.package_identification:_identify(lab2) by extensions ['colcon_meta']
[3.006s] Level 1:colcon.colcon_core.package_identification:_identify(lab2) by extension 'colcon_meta'
[3.006s] Level 1:colcon.colcon_core.package_identification:_identify(lab2) by extensions ['ros']
[3.006s] Level 1:colcon.colcon_core.package_identification:_identify(lab2) by extension 'ros'
[3.011s] DEBUG:colcon.colcon_core.package_identification:Package 'lab2' with type 'ros.ament_python' and name 'lab2'
[3.012s] Level 1:colcon.colcon_core.package_identification:_identify(log) by extensions ['ignore', 'ignore_ament_install']
[3.012s] Level 1:colcon.colcon_core.package_identification:_identify(log) by extension 'ignore'
[3.012s] Level 1:colcon.colcon_core.package_identification:_identify(log) ignored
[3.012s] Level 1:colcon.colcon_core.package_discovery:discover_packages(recursive) using defaults
[3.012s] Level 1:colcon.colcon_core.package_discovery:discover_packages(ignore) discover
[3.012s] Level 1:colcon.colcon_core.package_discovery:discover_packages(ignore) using defaults
[3.012s] Level 1:colcon.colcon_core.package_discovery:discover_packages(path) discover
[3.012s] Level 1:colcon.colcon_core.package_discovery:discover_packages(path) using defaults
[3.249s] Level 1:colcon.colcon_core.package_discovery:discover_packages(prefix_path) check parameters
[3.249s] Level 1:colcon.colcon_core.package_discovery:discover_packages(prefix_path) discover
[3.330s] DEBUG:colcon.colcon_installed_package_information.package_discovery:Found 2 installed packages in /home/oli/anro_ws/install
[3.372s] DEBUG:colcon.colcon_installed_package_information.package_discovery:Found 288 installed packages in /opt/ros/humble
[3.374s] Level 1:colcon.colcon_core.package_discovery:discover_packages(prefix_path) using defaults
[3.601s] Level 5:colcon.colcon_core.verb:set package 'lab2' build argument 'cmake_args' from command line to 'None'
[3.601s] Level 5:colcon.colcon_core.verb:set package 'lab2' build argument 'cmake_target' from command line to 'None'
[3.601s] Level 5:colcon.colcon_core.verb:set package 'lab2' build argument 'cmake_target_skip_unavailable' from command line to 'False'
[3.601s] Level 5:colcon.colcon_core.verb:set package 'lab2' build argument 'cmake_clean_cache' from command line to 'False'
[3.601s] Level 5:colcon.colcon_core.verb:set package 'lab2' build argument 'cmake_clean_first' from command line to 'False'
[3.601s] Level 5:colcon.colcon_core.verb:set package 'lab2' build argument 'cmake_force_configure' from command line to 'False'
[3.601s] Level 5:colcon.colcon_core.verb:set package 'lab2' build argument 'ament_cmake_args' from command line to 'None'
[3.601s] Level 5:colcon.colcon_core.verb:set package 'lab2' build argument 'catkin_cmake_args' from command line to 'None'
[3.601s] Level 5:colcon.colcon_core.verb:set package 'lab2' build argument 'catkin_skip_building_tests' from command line to 'False'
[3.601s] DEBUG:colcon.colcon_core.verb:Building package 'lab2' with the following arguments: {'ament_cmake_args': None, 'build_base': '/home/oli/anro_ws/src/build/lab2', 'catkin_cmake_args': None, 'catkin_skip_building_tests': False, 'cmake_args': None, 'cmake_clean_cache': False, 'cmake_clean_first': False, 'cmake_force_configure': False, 'cmake_target': None, 'cmake_target_skip_unavailable': False, 'install_base': '/home/oli/anro_ws/src/install/lab2', 'merge_install': False, 'path': '/home/oli/anro_ws/src/lab2', 'symlink_install': False, 'test_result_base': None}
[3.641s] INFO:colcon.colcon_core.executor:Executing jobs using 'parallel' executor
[3.681s] DEBUG:colcon.colcon_parallel_executor.executor.parallel:run_until_complete
[3.681s] INFO:colcon.colcon_ros.task.ament_python.build:Building ROS package in '/home/oli/anro_ws/src/lab2' with build type 'ament_python'
[3.682s] Level 1:colcon.colcon_core.shell:create_environment_hook('lab2', 'ament_prefix_path')
[3.735s] INFO:colcon.colcon_core.plugin_system:Skipping extension 'colcon_core.shell.bat': Not used on non-Windows systems
[3.735s] INFO:colcon.colcon_core.shell:Creating environment hook '/home/oli/anro_ws/src/install/lab2/share/lab2/hook/ament_prefix_path.ps1'
[3.736s] INFO:colcon.colcon_core.shell:Creating environment descriptor '/home/oli/anro_ws/src/install/lab2/share/lab2/hook/ament_prefix_path.dsv'
[3.737s] INFO:colcon.colcon_core.shell:Creating environment hook '/home/oli/anro_ws/src/install/lab2/share/lab2/hook/ament_prefix_path.sh'
[3.777s] INFO:colcon.colcon_core.shell:Skip shell extension 'powershell' for command environment: Not usable outside of PowerShell
[3.777s] DEBUG:colcon.colcon_core.shell:Skip shell extension 'dsv' for command environment
[4.837s] INFO:colcon.colcon_core.task.python.build:Building Python package in '/home/oli/anro_ws/src/lab2'
[4.877s] INFO:colcon.colcon_core.shell:Skip shell extension 'powershell' for command environment: Not usable outside of PowerShell
[4.878s] DEBUG:colcon.colcon_core.shell:Skip shell extension 'dsv' for command environment
[6.609s] DEBUG:colcon.colcon_core.event_handler.log_command:Invoking command in '/home/oli/anro_ws/src/lab2': PYTHONPATH=/home/oli/anro_ws/src/build/lab2/prefix_override:/home/oli/anro_ws/src/install/lab2/lib/python3.10/site-packages:${PYTHONPATH} /usr/bin/python3 setup.py egg_info --egg-base ../build/lab2 build --build-base /home/oli/anro_ws/src/build/lab2/build install --record /home/oli/anro_ws/src/build/lab2/install.log --single-version-externally-managed
[8.143s] DEBUG:colcon.colcon_core.event_handler.log_command:Invoked command in '/home/oli/anro_ws/src/lab2' returned '0': PYTHONPATH=/home/oli/anro_ws/src/build/lab2/prefix_override:/home/oli/anro_ws/src/install/lab2/lib/python3.10/site-packages:${PYTHONPATH} /usr/bin/python3 setup.py egg_info --egg-base ../build/lab2 build --build-base /home/oli/anro_ws/src/build/lab2/build install --record /home/oli/anro_ws/src/build/lab2/install.log --single-version-externally-managed
[8.198s] Level 1:colcon.colcon_core.environment:checking '/home/oli/anro_ws/src/install/lab2' for CMake module files
[8.199s] Level 1:colcon.colcon_core.environment:checking '/home/oli/anro_ws/src/install/lab2' for CMake config files
[8.201s] Level 1:colcon.colcon_core.environment:checking '/home/oli/anro_ws/src/install/lab2/lib'
[8.201s] Level 1:colcon.colcon_core.environment:checking '/home/oli/anro_ws/src/install/lab2/bin'
[8.201s] Level 1:colcon.colcon_core.environment:checking '/home/oli/anro_ws/src/install/lab2/lib/pkgconfig/lab2.pc'
[8.202s] Level 1:colcon.colcon_core.environment:checking '/home/oli/anro_ws/src/install/lab2/lib/python3.10/site-packages'
[8.202s] Level 1:colcon.colcon_core.shell:create_environment_hook('lab2', 'pythonpath')
[8.255s] INFO:colcon.colcon_core.shell:Creating environment hook '/home/oli/anro_ws/src/install/lab2/share/lab2/hook/pythonpath.ps1'
[8.256s] INFO:colcon.colcon_core.shell:Creating environment descriptor '/home/oli/anro_ws/src/install/lab2/share/lab2/hook/pythonpath.dsv'
[8.257s] INFO:colcon.colcon_core.shell:Creating environment hook '/home/oli/anro_ws/src/install/lab2/share/lab2/hook/pythonpath.sh'
[8.258s] Level 1:colcon.colcon_core.environment:checking '/home/oli/anro_ws/src/install/lab2/bin'
[8.258s] Level 1:colcon.colcon_core.environment:create_environment_scripts_only(lab2)
[8.298s] INFO:colcon.colcon_core.shell:Creating package script '/home/oli/anro_ws/src/install/lab2/share/lab2/package.ps1'
[8.300s] INFO:colcon.colcon_core.shell:Creating package descriptor '/home/oli/anro_ws/src/install/lab2/share/lab2/package.dsv'
[8.301s] INFO:colcon.colcon_core.shell:Creating package script '/home/oli/anro_ws/src/install/lab2/share/lab2/package.sh'
[8.302s] INFO:colcon.colcon_core.shell:Creating package script '/home/oli/anro_ws/src/install/lab2/share/lab2/package.bash'
[8.304s] INFO:colcon.colcon_core.shell:Creating package script '/home/oli/anro_ws/src/install/lab2/share/lab2/package.zsh'
[8.305s] Level 1:colcon.colcon_core.environment:create_file_with_runtime_dependencies(/home/oli/anro_ws/src/install/lab2/share/colcon-core/packages/lab2)
[8.306s] DEBUG:colcon.colcon_parallel_executor.executor.parallel:closing loop
[8.306s] DEBUG:colcon.colcon_parallel_executor.executor.parallel:loop closed
[8.306s] DEBUG:colcon.colcon_parallel_executor.executor.parallel:run_until_complete finished with '0'
[8.306s] DEBUG:colcon.colcon_core.event_reactor:joining thread
[8.364s] INFO:colcon.colcon_core.plugin_system:Skipping extension 'colcon_notification.desktop_notification.terminal_notifier': Not used on non-Darwin systems
[8.364s] INFO:colcon.colcon_core.plugin_system:Skipping extension 'colcon_notification.desktop_notification.win32': Not used on non-Windows systems
[8.364s] INFO:colcon.colcon_notification.desktop_notification:Sending desktop notification using 'notify2'
[8.388s] DEBUG:colcon.colcon_core.event_reactor:joined thread
[8.436s] INFO:colcon.colcon_core.shell:Creating prefix script '/home/oli/anro_ws/src/install/local_setup.ps1'
[8.438s] INFO:colcon.colcon_core.shell:Creating prefix util module '/home/oli/anro_ws/src/install/_local_setup_util_ps1.py'
[8.440s] INFO:colcon.colcon_core.shell:Creating prefix chain script '/home/oli/anro_ws/src/install/setup.ps1'
[8.485s] INFO:colcon.colcon_core.shell:Creating prefix script '/home/oli/anro_ws/src/install/local_setup.sh'
[8.486s] INFO:colcon.colcon_core.shell:Creating prefix util module '/home/oli/anro_ws/src/install/_local_setup_util_sh.py'
[8.487s] INFO:colcon.colcon_core.shell:Creating prefix chain script '/home/oli/anro_ws/src/install/setup.sh'
[8.532s] INFO:colcon.colcon_core.shell:Creating prefix script '/home/oli/anro_ws/src/install/local_setup.bash'
[8.533s] INFO:colcon.colcon_core.shell:Creating prefix chain script '/home/oli/anro_ws/src/install/setup.bash'
[8.577s] INFO:colcon.colcon_core.shell:Creating prefix script '/home/oli/anro_ws/src/install/local_setup.zsh'
[8.578s] INFO:colcon.colcon_core.shell:Creating prefix chain script '/home/oli/anro_ws/src/install/setup.zsh'
